2025-09-23 15:18:32,151 - INFO - Attempting to import run_networkparser_analysis and NetworkParserConfig
2025-09-23 15:18:32,151 - INFO - Running cli.py from: /Users/nmfuphicsir.co.za/Documents/pHDProject/Code/network_parser/network_parser/cli.py
2025-09-23 15:18:32,151 - INFO - Starting NetworkParser pipeline
2025-09-23 15:18:32,151 - INFO - Genomic data: /Users/nmfuphicsir.co.za/Documents/pHDProject/Code/MatrixSelector/input/example.csv
2025-09-23 15:18:32,151 - INFO - Label column: Group
2025-09-23 15:18:32,152 - INFO - Output directory: /Users/nmfuphicsir.co.za/Documents/pHDProject/Code/network_parser/results
2025-09-23 15:18:32,152 - INFO - Initializing NetworkParser with provided configuration.
2025-09-23 15:18:32,152 - INFO - Initializing NetworkParser with config: {'max_depth': None, 'min_group_size': 5, 'significance_level': 0.05, 'n_bootstrap_samples': 1000, 'n_permutation_tests': 500, 'multiple_testing_method': 'fdr_bh', 'min_information_gain': 0.001, 'n_jobs': -1, 'random_state': 42}
2025-09-23 15:18:32,152 - INFO - Initialized StatisticalValidator.
2025-09-23 15:18:32,152 - INFO - Starting pipeline execution...
2025-09-23 15:18:32,152 - INFO - 📥 Stage 1: Input Processing
2025-09-23 15:18:32,152 - INFO - Loading genomic data from: /Users/nmfuphicsir.co.za/Documents/pHDProject/Code/MatrixSelector/input/example.csv
2025-09-23 15:18:32,152 - INFO - Loading genomic matrix from: /Users/nmfuphicsir.co.za/Documents/pHDProject/Code/MatrixSelector/input/example.csv
2025-09-23 15:18:32,178 - INFO - Saved deduplicated genomic matrix to: results/deduplicated_genomic_matrix.csv
2025-09-23 15:18:32,178 - INFO - Aligning data...
2025-09-23 15:18:32,178 - INFO - Aligning genomic data and metadata...
2025-09-23 15:18:32,186 - INFO - Removing 67 invariant features.
2025-09-23 15:18:32,188 - INFO - Saved aligned data to: results
2025-09-23 15:18:32,188 - INFO - Aligned data: 15 samples, 22 features retained.
2025-09-23 15:18:32,188 - INFO - Aligned data: 15 samples, 22 features retained.
2025-09-23 15:18:32,188 - INFO - 🌳 Stage 2: Feature Discovery
2025-09-23 15:18:32,188 - INFO - Running association tests for 22 features.
2025-09-23 15:18:44,642 - INFO - Saved chi-squared results to: results/
2025-09-23 15:18:44,643 - INFO - Applying multiple testing correction using fdr_bh.
2025-09-23 15:18:44,651 - INFO - Saved multiple testing results to: results/
2025-09-23 15:18:44,651 - INFO - Filtered 7 significant features.
2025-09-23 15:18:44,653 - INFO - 🔍 Feature discovery: 15 samples, 7 features
2025-09-23 15:18:44,653 - INFO - Data columns: ['497957', '679712', '771128', '912181', '1290472', '1392623', '1470751', '1551618', '1572071', '1678339', '1901101', '1973797', '2640767', '2860050', '2909481', '3089432', '3136337', '3219764', '3349839', '3371639', '3375761', '3397479']
2025-09-23 15:18:44,653 - INFO - Input features: ['679712', '771128', '1392623', '1470751', '1572071', '1678339', '3219764']
2025-09-23 15:18:44,771 - INFO - Prefiltered 7/7 features via FDR
2025-09-23 15:18:44,771 - INFO - Prefiltered features: ['679712', '771128', '1392623', '1470751', '1572071', '1678339', '3219764']
2025-09-23 15:18:44,773 - INFO - 📊 2 classes: ['N', 'P']
2025-09-23 15:18:44,789 - INFO - Built decision tree with depth 1 and 2 leaves.
2025-09-23 15:18:44,822 - INFO - ✅ Stage 3: Statistical Validation
2025-09-23 15:18:44,822 - INFO - Running bootstrap validation with 1000 samples.
2025-09-23 15:18:45,988 - INFO - Saved bootstrap results to: results/
2025-09-23 15:18:45,989 - INFO - 🔗 Stage 4: Integration
2025-09-23 15:18:45,989 - INFO - Ranked 1 features by confidence.
2025-09-23 15:18:46,086 - INFO - Saved network graphs to GraphML files.
2025-09-23 15:18:46,088 - INFO - Saved iGNN adjacency matrices.
2025-09-23 15:18:46,088 - INFO - 📤 Stage 5: Output Generation
2025-09-23 15:18:46,089 - INFO - Saved final results to: results/networkparser_results_20250923_151846.json
2025-09-23 15:18:46,089 - INFO - ✅ Pipeline completed successfully
2025-09-23 15:18:46,089 - INFO - NetworkParser pipeline completed successfully in 13.94 seconds

======================================================================
🎯 FEATURE DISCOVERY SUMMARY (Workflow Stage 2)
======================================================================
📈 Tree Accuracy: 1.000 | Classes: 2
🌳 Root Features: 1 | Branch: 0
  1. 3219764 (conf: 0.841)
🔗 Epistatic Interactions: 0
======================================================================

